[2025-07-17 15:18:34] [INFO] Starting WelcomeWindow...
[2025-07-17 15:18:34] [ERROR] Failed to load image: couldn't recognize data in image file "/home/owais/LearningRobotics/assets/robot.jpg"
[2025-07-17 15:41:08] [INFO] Starting application from main.py
[2025-07-17 15:41:09] [ERROR] Failed to load image: couldn't recognize data in image file "/home/owais/LearningRobotics/assets/robot.jpg"
[2025-07-17 15:41:18] [INFO] Continue button clicked. Going to next screen...
[2025-07-17 15:41:23] [INFO] Continue button clicked. Going to next screen...
[2025-07-17 15:41:24] [INFO] Continue button clicked. Going to next screen...
[2025-07-17 15:41:25] [INFO] Continue button clicked. Going to next screen...
[2025-07-17 15:48:56] [INFO] Starting application from main.py
[2025-07-17 15:52:01] [INFO] Starting application from main.py (Welcome Screen only).
[2025-07-17 15:56:36] [INFO] Starting application from main.py (Welcome Screen only).
[2025-07-17 15:57:41] [INFO] Application closed.
[2025-07-17 15:58:37] [INFO] Starting application from main.py (Welcome Screen only).
[2025-07-17 15:59:46] [INFO] Continue button clicked. Transitioning away from WelcomeWindow.
[2025-07-17 15:59:46] [INFO] Transition requested to 'SemesterScreen'. Closing application as it's the only screen.
[2025-07-17 15:59:46] [INFO] Application closed.
[2025-07-17 16:02:45] [INFO] Starting application from main.py (Welcome Screen only).
[2025-07-17 16:02:47] [INFO] Continue button clicked. Transitioning away from WelcomeWindow.
[2025-07-17 16:02:47] [INFO] Transition requested to 'SemesterScreen'. Closing application as it's the only screen.
[2025-07-17 16:02:47] [INFO] Application closed.
[2025-07-17 16:07:18] [INFO] Starting application from main.py
[2025-07-17 16:07:18] [INFO] Application initialized. Showing WelcomeWindow.
[2025-07-17 16:07:18] [INFO] Switched view to WelcomeWindow.
[2025-07-17 16:07:20] [INFO] Welcome screen finished. Navigating to role selection.
[2025-07-17 16:07:20] [INFO] Switched view to RoleSelectionScreen.
[2025-07-17 16:07:27] [INFO] Role selected: USER
[2025-07-17 16:07:33] [INFO] Role selected: DEVELOPER
[2025-07-17 16:07:41] [INFO] Application closed.
[2025-07-17 16:10:06] [INFO] Starting application from main.py
[2025-07-17 16:10:06] [INFO] Application initialized. Showing WelcomeWindow.
[2025-07-17 16:10:06] [INFO] Switched view to WelcomeWindow.
[2025-07-17 16:10:08] [INFO] Welcome screen finished. Navigating to role selection.
[2025-07-17 16:10:08] [INFO] Switched view to RoleSelectionScreen.
[2025-07-17 16:10:21] [INFO] No/Invalid developer credentials. Defaulting to USER role.
[2025-07-17 16:10:23] [INFO] Application closed.
[2025-07-17 16:10:34] [INFO] Starting application from main.py
[2025-07-17 16:10:34] [INFO] Application initialized. Showing WelcomeWindow.
[2025-07-17 16:10:34] [INFO] Switched view to WelcomeWindow.
[2025-07-17 16:10:36] [INFO] Welcome screen finished. Navigating to role selection.
[2025-07-17 16:10:36] [INFO] Switched view to RoleSelectionScreen.
[2025-07-17 16:10:47] [INFO] Correct developer credentials entered.
[2025-07-17 16:10:48] [INFO] Application closed.
[2025-07-17 16:17:34] [INFO] Starting application from main.py
[2025-07-17 16:17:34] [INFO] Application initialized. Showing WelcomeWindow.
[2025-07-17 16:17:34] [INFO] Switched view to WelcomeWindow.
[2025-07-17 16:17:36] [INFO] Welcome screen finished. Navigating to role selection.
[2025-07-17 16:17:36] [INFO] Switched view to RoleSelectionScreen.
[2025-07-17 16:23:46] [INFO] Application closed.
[2025-07-17 16:23:49] [INFO] Starting application from main.py
[2025-07-17 16:23:49] [INFO] Application initialized. Showing WelcomeWindow.
[2025-07-17 16:23:49] [INFO] Switched view to WelcomeWindow.
[2025-07-17 16:23:51] [INFO] Welcome screen finished. Navigating to role selection.
[2025-07-17 16:23:51] [INFO] Switched view to RoleSelectionScreen.
[2025-07-17 16:24:01] [INFO] Correct developer credentials entered.
[2025-07-17 16:24:10] [INFO] Correct developer credentials entered.
[2025-07-17 16:24:29] [INFO] Application closed.
[2025-07-17 16:27:49] [INFO] Starting application from main.py
[2025-07-17 16:27:49] [WARNING] '/home/owais/LearningRobotics/data/semesters.json' not found or invalid. Creating with default data.
[2025-07-17 16:27:49] [INFO] Semester data saved to '/home/owais/LearningRobotics/data/semesters.json'
[2025-07-17 16:27:50] [INFO] Application initialized. Showing WelcomeWindow.
[2025-07-17 16:27:50] [INFO] Switched view to WelcomeWindow.
[2025-07-17 16:27:51] [INFO] Welcome screen finished. Navigating to role selection.
[2025-07-17 16:27:51] [INFO] Switched view to RoleSelectionScreen.
[2025-07-17 16:28:01] [INFO] Correct developer credentials entered.
[2025-07-17 16:28:02] [INFO] Switched view to SemesterScreen.
[2025-07-17 16:28:26] [INFO] Application closed.
[2025-07-17 17:02:46] [INFO] Starting application from main.py
[2025-07-17 17:02:47] [INFO] Application initialized. Showing WelcomeWindow.
[2025-07-17 17:02:47] [INFO] Switched view to WelcomeWindow.
[2025-07-17 17:02:49] [INFO] Welcome screen finished. Navigating to role selection.
[2025-07-17 17:02:49] [INFO] Switched view to RoleSelectionScreen.
[2025-07-17 17:03:00] [INFO] Correct developer credentials entered.
[2025-07-17 17:03:01] [INFO] Switched view to SemesterScreen.
[2025-07-17 17:03:19] [INFO] Semester data saved to '/home/owais/LearningRobotics/data/semesters.json'
[2025-07-17 17:03:19] [INFO] Developer added new semester: 'Semester 4'
[2025-07-17 17:03:28] [INFO] Semester data saved to '/home/owais/LearningRobotics/data/semesters.json'
[2025-07-17 17:03:28] [INFO] Developer added new semester: 'Semester 5'
[2025-07-17 17:03:39] [INFO] Semester data saved to '/home/owais/LearningRobotics/data/semesters.json'
[2025-07-17 17:03:39] [INFO] Developer removed semester: 'None'
[2025-07-17 17:03:42] [INFO] Application closed.
[2025-07-17 17:06:10] [INFO] Starting application from main.py
[2025-07-17 17:06:11] [INFO] Application initialized. Showing WelcomeWindow.
[2025-07-17 17:06:11] [INFO] Switched view to WelcomeWindow.
[2025-07-17 17:06:12] [INFO] Welcome screen finished. Navigating to role selection.
[2025-07-17 17:06:12] [INFO] Switched view to RoleSelectionScreen.
[2025-07-17 17:06:24] [INFO] Correct developer credentials entered.
[2025-07-17 17:06:25] [INFO] Switched view to SemesterScreen.
[2025-07-17 17:06:38] [INFO] Application closed.
